<?xml version="1.0" encoding="UTF-8"?>
<!-- Generated by org.testng.reporters.JUnitReportReporter -->
<testsuite hostname="VPLVM1" failures="0" tests="1" name="test.HomePage.LoginPageUiValidation" time="14.564" errors="0" timestamp="30 Apr 2022 07:14:21 GMT" skipped="0">
  <testcase classname="test.HomePage.LoginPageUiValidation" name="verifyHomePage" time="14.564"/>
</testsuite> <!-- test.HomePage.LoginPageUiValidation -->
