<?xml version="1.0" encoding="UTF-8"?>
<!-- Generated by org.testng.reporters.JUnitReportReporter -->
<testsuite hostname="VPLVM1" failures="0" tests="1" name="test.HomePage.LoginPageUiValidation" time="8.885" errors="0" timestamp="27 Mar 2022 06:47:00 GMT" skipped="0">
  <testcase classname="test.HomePage.LoginPageUiValidation" name="verifyHomePage" time="8.885"/>
</testsuite> <!-- test.HomePage.LoginPageUiValidation -->
