<?xml version="1.0" encoding="UTF-8"?>
<!-- Generated by org.testng.reporters.JUnitReportReporter -->
<testsuite hostname="VPLVM1" failures="0" tests="1" name="test.HomePage.AfdalLoginPageUiValidation" time="16.430" errors="0" timestamp="16 May 2022 17:01:24 GMT" skipped="0">
  <testcase classname="test.HomePage.AfdalLoginPageUiValidation" name="verifyHomePage" time="16.430"/>
</testsuite> <!-- test.HomePage.AfdalLoginPageUiValidation -->
